<?xml version="1.0" encoding="UTF-8"?>
<!-- Generated by org.testng.reporters.JUnitXMLReporter -->
<testsuite ignored="4" hostname="SAMCOMP" failures="0" tests="1" name="myTest" time="0.076" errors="0" timestamp="2025-02-06T07:52:15 IST">
  <testcase classname="tstngRev.GroupingInTestng" name="loginByX" time="0.015"/>
  <testcase classname="tstngRev.GroupingInTestng" name="setUp" time="0.0">
    <ignored/>
  </testcase> <!-- setUp -->
  <testcase classname="tstngRev.GroupingInTestng" name="loginByIg" time="0.0">
    <ignored/>
  </testcase> <!-- loginByIg -->
  <testcase classname="tstngRev.GroupingInTestng" name="logOut" time="0.0">
    <ignored/>
  </testcase> <!-- logOut -->
  <testcase classname="tstngRev.GroupingInTestng" name="loginByMeta" time="0.0">
    <ignored/>
  </testcase> <!-- loginByMeta -->
</testsuite> <!-- myTest -->
