<?xml version="1.0" encoding="UTF-8"?>
<testng-results ignored="0" total="2" passed="2" failed="0" skipped="0">
  <reporter-output>
  </reporter-output>
  <suite started-at="2025-02-07T08:03:10 IST" name="Suite" finished-at="2025-02-07T08:03:31 IST" duration-ms="20666">
    <groups>
    </groups>
    <test started-at="2025-02-07T08:03:10 IST" name="Test" finished-at="2025-02-07T08:03:20 IST" duration-ms="9822">
      <class name="tstngRev.ParalllellTest">
        <test-method signature="setUp(java.lang.String)[pri:0, instance:tstngRev.ParalllellTest@59662a0b]" started-at="2025-02-07T08:03:10 IST" name="setUp" finished-at="2025-02-07T08:03:20 IST" duration-ms="9729" status="PASS">
          <params>
            <param index="0">
              <value>
                <![CDATA[chrome]]>
              </value>
            </param>
          </params>
          <reporter-output>
          </reporter-output>
        </test-method> <!-- setUp -->
      </class> <!-- tstngRev.ParalllellTest -->
    </test> <!-- Test -->
    <test started-at="2025-02-07T08:03:20 IST" name="Test1" finished-at="2025-02-07T08:03:31 IST" duration-ms="10722">
      <class name="tstngRev.ParalllellTest">
        <test-method signature="setUp(java.lang.String)[pri:0, instance:tstngRev.ParalllellTest@6a6cb05c]" started-at="2025-02-07T08:03:20 IST" name="setUp" finished-at="2025-02-07T08:03:31 IST" duration-ms="10713" status="PASS">
          <params>
            <param index="0">
              <value>
                <![CDATA[edge]]>
              </value>
            </param>
          </params>
          <reporter-output>
          </reporter-output>
        </test-method> <!-- setUp -->
      </class> <!-- tstngRev.ParalllellTest -->
    </test> <!-- Test1 -->
  </suite> <!-- Suite -->
</testng-results>
